[2020-01-22_12:02:33:711]AT+QGMR


[2020-01-22_12:02:33:711]EG91EFBR06A06M4G_01.006.01.006



[2020-01-22_12:02:33:711]OK

[2020-01-22_12:02:36:414]AT+QFLST="*"


[2020-01-22_12:02:36:445]+QFLST: "UFS:client.crt",1350

[2020-01-22_12:02:36:445]+QFLST: "UFS:client.key",1679

[2020-01-22_12:02:36:445]+QFLST: "UFS:ca.crt",1354


[2020-01-22_12:02:36:445]OK

[2020-01-22_12:02:43:585]AT+QSSLCFG="seclevel",2,2


[2020-01-22_12:02:43:585]OK

[2020-01-22_12:02:46:664]AT+QSSLCFG="cacert",2,"UFS:ca.crt"


[2020-01-22_12:02:46:664]OK

[2020-01-22_12:02:47:399]AT+QSSLCFG="clientcert",2,"UFS:client.crt"


[2020-01-22_12:02:47:399]OK

[2020-01-22_12:02:48:086]AT+QSSLCFG="clientkey",2,"UFS:client.key"


[2020-01-22_12:02:48:086]OK

[2020-01-22_12:02:49:148]AT+QMTCFG="SSL",3,1,2


[2020-01-22_12:02:49:148]OK

[2020-01-22_12:02:50:351]AT+QMTCFG="SSL",3


[2020-01-22_12:02:50:351]+QMTCFG: "ssl",1,2



[2020-01-22_12:02:50:351]OK

[2020-01-22_12:02:53:680]AT+QMTOPEN=3,"emq.duckdns.org",8883


[2020-01-22_12:02:53:680]OK

[2020-01-22_12:02:54:523]

[2020-01-22_12:02:54:523]+QMTOPEN: 3,0

[2020-01-22_12:02:56:430]AT+QMTCONN=3,"EG91_SSL_1"


[2020-01-22_12:02:56:430]OK

[2020-01-22_12:02:56:539]

[2020-01-22_12:02:56:539]+QMTCONN: 3,0,0

[2020-01-22_12:03:00:882]AT+QMTPUBEX=3,0,0,0,"/device/EG91/",30


[2020-01-22_12:03:00:882]> Hello World 123456789

[2020-01-22_12:03:17:539]Hello World 12345678910111213



[2020-01-22_12:03:17:539]OK

[2020-01-22_12:03:17:664]

[2020-01-22_12:03:17:664]+QMTPUBEX: 3,0,0

[2020-01-22_12:03:24:757]AT+QMTDISC=3


[2020-01-22_12:03:24:757]OK

[2020-01-22_12:03:24:914]

[2020-01-22_12:03:24:914]+QMTDISC: 3,0

